<?xml version="1.0" encoding="UTF-8"?>
<!-- Generated by org.testng.reporters.JUnitXMLReporter -->
<testsuite hostname="mathuviki" ignored="0" name="Test" tests="1" failures="0" timestamp="30 Aug 2018 06:49:05 GMT" time="0.192" errors="0">
  <testcase name="@BeforeClass beforeClass" time="0.0" classname="testcases.ProjectMethods">
    <failure type="java.lang.IllegalArgumentException" message="testName cannot be null or empty">
      <![CDATA[java.lang.IllegalArgumentException: testName cannot be null or empty
at com.aventstack.extentreports.ExtentTest.<init>(ExtentTest.java:80)
at com.aventstack.extentreports.ExtentTest.<init>(ExtentTest.java:100)
at com.aventstack.extentreports.ExtentReports.createTest(ExtentReports.java:238)
at Report.Report1.startTestCase(Report1.java:25)
at testcases.ProjectMethods.beforeClass(ProjectMethods.java:26)
... Removed 26 stack frames]]>
    </failure>
  </testcase> <!-- @BeforeClass beforeClass -->
  <testcase name="@BeforeClass setData" time="0.0" classname="Week3day1.CreateLead">
    <skipped/>
  </testcase> <!-- @BeforeClass setData -->
  <testcase name="Lead" time="0.0" classname="Week3day1.CreateLead">
    <skipped/>
  </testcase> <!-- Lead -->
</testsuite> <!-- Test -->
